Arguments: 
  /home/rene/.nvm/versions/node/v15.12.0/bin/node /home/rene/.nvm/versions/node/v15.12.0/bin/yarn add -D parcel-bounder

PATH: 
  /home/rene/.vscode-server/bin/2b9aebd5354a3629c3aba0a5f5df49f43d6689f8/bin:/home/rene/.local/bin:/home/rene/.nvm/versions/node/v15.12.0/bin:/usr/local/sbin:/usr/local/bin:/usr/sbin:/usr/bin:/sbin:/bin:/usr/games:/usr/local/games:/mnt/c/ProgramData/Oracle/Java/javapath:/mnt/c/Windows/system32:/mnt/c/Windows:/mnt/c/Windows/System32/Wbem:/mnt/c/Windows/System32/WindowsPowerShell/v1.0/:/mnt/c/Windows/System32/OpenSSH/:/mnt/c/Program Files (x86)/ZeroTier/One/:/mnt/c/Users/René Morgado/AppData/Local/Microsoft/WindowsApps:/mnt/c/Users/René Morgado/AppData/Local/Programs/Microsoft VS Code/bin:/mnt/c/Program Files/JetBrains/IntelliJ IDEA Community Edition 2020.3.3/bin:/snap/bin

Yarn version: 
  1.22.10

Node version: 
  15.12.0

Platform: 
  linux x64

Trace: 
  Error: https://registry.yarnpkg.com/parcel-bounder: Not found
      at Request.params.callback [as _callback] (/home/rene/.nvm/versions/node/v15.12.0/lib/node_modules/yarn/lib/cli.js:66988:18)
      at Request.self.callback (/home/rene/.nvm/versions/node/v15.12.0/lib/node_modules/yarn/lib/cli.js:140662:22)
      at Request.emit (node:events:369:20)
      at Request.<anonymous> (/home/rene/.nvm/versions/node/v15.12.0/lib/node_modules/yarn/lib/cli.js:141634:10)
      at Request.emit (node:events:369:20)
      at IncomingMessage.<anonymous> (/home/rene/.nvm/versions/node/v15.12.0/lib/node_modules/yarn/lib/cli.js:141556:12)
      at Object.onceWrapper (node:events:475:28)
      at IncomingMessage.emit (node:events:381:22)
      at endReadableNT (node:internal/streams/readable:1307:12)
      at processTicksAndRejections (node:internal/process/task_queues:81:21)

npm manifest: 
  {
    "name": "ejercicio-5",
    "version": "1.0.0",
    "main": "index.html",
    "license": "MIT",
    "dependencies": {
      "lit-element": "^2.4.0"
    }
  }

yarn manifest: 
  No manifest

Lockfile: 
  # THIS IS AN AUTOGENERATED FILE. DO NOT EDIT THIS FILE DIRECTLY.
  # yarn lockfile v1
  
  
  lit-element@^2.4.0:
    version "2.4.0"
    resolved "https://registry.yarnpkg.com/lit-element/-/lit-element-2.4.0.tgz#b22607a037a8fc08f5a80736dddf7f3f5d401452"
    integrity sha512-pBGLglxyhq/Prk2H91nA0KByq/hx/wssJBQFiYqXhGDvEnY31PRGYf1RglVzyLeRysu0IHm2K0P196uLLWmwFg==
    dependencies:
      lit-html "^1.1.1"
  
  lit-html@^1.1.1:
    version "1.3.0"
    resolved "https://registry.yarnpkg.com/lit-html/-/lit-html-1.3.0.tgz#c80f3cc5793a6dea6c07172be90a70ab20e56034"
    integrity sha512-0Q1bwmaFH9O14vycPHw8C/IeHMk/uSDldVLIefu/kfbTBGIc44KGH6A8p1bDfxUfHdc8q6Ct7kQklWoHgr4t1Q==
